WARNING: A terminally deprecated method in sun.misc.Unsafe has been called
WARNING: sun.misc.Unsafe::staticFieldBase has been called by com.google.inject.internal.aop.HiddenClassDefiner (file:/C:/Users/srikanth/.m2/wrapper/dists/apache-maven-3.9.11/03d7e36a140982eea48e22c1dcac01d8862b2550b2939e09a0809bbc5182a5bc/lib/guice-5.1.0-classes.jar)
WARNING: Please consider reporting this to the maintainers of class com.google.inject.internal.aop.HiddenClassDefiner
WARNING: sun.misc.Unsafe::staticFieldBase will be removed in a future release
[INFO] Error stacktraces are turned on.
[INFO] Scanning for projects...
[INFO] 
[INFO] -----------------------< com.quickcart:backend >------------------------
[INFO] Building backend 0.0.1-SNAPSHOT
[INFO]   from pom.xml
[INFO] --------------------------------[ jar ]---------------------------------
[INFO] 
[INFO] --- resources:3.3.1:resources (default-resources) @ backend ---
[INFO] Copying 1 resource from src\main\resources to target\classes
[INFO] Copying 0 resource from src\main\resources to target\classes
[INFO] 
[INFO] --- compiler:3.14.1:compile (default-compile) @ backend ---
[INFO] Recompiling the module because of changed source code.
[INFO] Compiling 69 source files with javac [debug parameters release 21] to target\classes
[INFO] /C:/Users/srikanth/Documents/b2b quickcart/quickcart-b2b-platform/backend/src/main/java/com/quickcart/backend/security/JwtUtil.java: C:\Users\srikanth\Documents\b2b quickcart\quickcart-b2b-platform\backend\src\main\java\com\quickcart\backend\security\JwtUtil.java uses unchecked or unsafe operations.
[INFO] /C:/Users/srikanth/Documents/b2b quickcart/quickcart-b2b-platform/backend/src/main/java/com/quickcart/backend/security/JwtUtil.java: Recompile with -Xlint:unchecked for details.
[INFO] -------------------------------------------------------------
[WARNING] COMPILATION WARNING : 
[INFO] -------------------------------------------------------------
[WARNING] /C:/Users/srikanth/Documents/b2b quickcart/quickcart-b2b-platform/backend/src/main/java/com/quickcart/backend/entity/Role.java:[30,23] @Builder will ignore the initializing expression entirely. If you want the initializing expression to serve as default, add @Builder.Default. If it is not supposed to be settable during building, make the field final.
[WARNING] /C:/Users/srikanth/Documents/b2b quickcart/quickcart-b2b-platform/backend/src/main/java/com/quickcart/backend/entity/User.java:[33,21] @Builder will ignore the initializing expression entirely. If you want the initializing expression to serve as default, add @Builder.Default. If it is not supposed to be settable during building, make the field final.
[WARNING] /C:/Users/srikanth/Documents/b2b quickcart/quickcart-b2b-platform/backend/src/main/java/com/quickcart/backend/entity/User.java:[36,27] @Builder will ignore the initializing expression entirely. If you want the initializing expression to serve as default, add @Builder.Default. If it is not supposed to be settable during building, make the field final.
[WARNING] /C:/Users/srikanth/Documents/b2b quickcart/quickcart-b2b-platform/backend/src/main/java/com/quickcart/backend/entity/User.java:[48,23] @Builder will ignore the initializing expression entirely. If you want the initializing expression to serve as default, add @Builder.Default. If it is not supposed to be settable during building, make the field final.
[INFO] 4 warnings 
[INFO] -------------------------------------------------------------
[INFO] -------------------------------------------------------------
[ERROR] COMPILATION ERROR : 
[INFO] -------------------------------------------------------------
[ERROR] /C:/Users/srikanth/Documents/b2b quickcart/quickcart-b2b-platform/backend/src/main/java/com/quickcart/backend/repository/spec/ProductSpecifications.java:[156,47] no suitable method found for diff(jakarta.persistence.criteria.Path<java.lang.Object>,jakarta.persistence.criteria.Path<java.lang.Object>)
    method jakarta.persistence.criteria.CriteriaBuilder.<N>diff(jakarta.persistence.criteria.Expression<? extends N>,jakarta.persistence.criteria.Expression<? extends N>) is not applicable
      (inference variable N has incompatible bounds
        upper bounds: java.lang.Number
        lower bounds: java.lang.Object)
    method jakarta.persistence.criteria.CriteriaBuilder.<N>diff(jakarta.persistence.criteria.Expression<? extends N>,N) is not applicable
      (inference variable N has incompatible bounds
        upper bounds: java.lang.Number
        lower bounds: jakarta.persistence.criteria.Path<java.lang.Object>,java.lang.Object)
    method jakarta.persistence.criteria.CriteriaBuilder.<N>diff(N,jakarta.persistence.criteria.Expression<? extends N>) is not applicable
      (inference variable N has incompatible bounds
        upper bounds: java.lang.Number
        lower bounds: java.lang.Object,jakarta.persistence.criteria.Path<java.lang.Object>)
[INFO] 1 error
[INFO] -------------------------------------------------------------
[INFO] ------------------------------------------------------------------------
[INFO] BUILD FAILURE
[INFO] ------------------------------------------------------------------------
[INFO] Total time:  7.715 s
[INFO] Finished at: 2026-01-24T16:05:31+05:30
[INFO] ------------------------------------------------------------------------
[ERROR] Failed to execute goal org.apache.maven.plugins:maven-compiler-plugin:3.14.1:compile (default-compile) on project backend: Compilation failure
[ERROR] /C:/Users/srikanth/Documents/b2b quickcart/quickcart-b2b-platform/backend/src/main/java/com/quickcart/backend/repository/spec/ProductSpecifications.java:[156,47] no suitable method found for diff(jakarta.persistence.criteria.Path<java.lang.Object>,jakarta.persistence.criteria.Path<java.lang.Object>)
[ERROR]     method jakarta.persistence.criteria.CriteriaBuilder.<N>diff(jakarta.persistence.criteria.Expression<? extends N>,jakarta.persistence.criteria.Expression<? extends N>) is not applicable
[ERROR]       (inference variable N has incompatible bounds
[ERROR]         upper bounds: java.lang.Number
[ERROR]         lower bounds: java.lang.Object)
[ERROR]     method jakarta.persistence.criteria.CriteriaBuilder.<N>diff(jakarta.persistence.criteria.Expression<? extends N>,N) is not applicable
[ERROR]       (inference variable N has incompatible bounds
[ERROR]         upper bounds: java.lang.Number
[ERROR]         lower bounds: jakarta.persistence.criteria.Path<java.lang.Object>,java.lang.Object)
[ERROR]     method jakarta.persistence.criteria.CriteriaBuilder.<N>diff(N,jakarta.persistence.criteria.Expression<? extends N>) is not applicable
[ERROR]       (inference variable N has incompatible bounds
[ERROR]         upper bounds: java.lang.Number
[ERROR]         lower bounds: java.lang.Object,jakarta.persistence.criteria.Path<java.lang.Object>)
[ERROR] 
[ERROR] -> [Help 1]
org.apache.maven.lifecycle.LifecycleExecutionException: Failed to execute goal org.apache.maven.plugins:maven-compiler-plugin:3.14.1:compile (default-compile) on project backend: Compilation failure
/C:/Users/srikanth/Documents/b2b quickcart/quickcart-b2b-platform/backend/src/main/java/com/quickcart/backend/repository/spec/ProductSpecifications.java:[156,47] no suitable method found for diff(jakarta.persistence.criteria.Path<java.lang.Object>,jakarta.persistence.criteria.Path<java.lang.Object>)
    method jakarta.persistence.criteria.CriteriaBuilder.<N>diff(jakarta.persistence.criteria.Expression<? extends N>,jakarta.persistence.criteria.Expression<? extends N>) is not applicable
      (inference variable N has incompatible bounds
        upper bounds: java.lang.Number
        lower bounds: java.lang.Object)
    method jakarta.persistence.criteria.CriteriaBuilder.<N>diff(jakarta.persistence.criteria.Expression<? extends N>,N) is not applicable
      (inference variable N has incompatible bounds
        upper bounds: java.lang.Number
        lower bounds: jakarta.persistence.criteria.Path<java.lang.Object>,java.lang.Object)
    method jakarta.persistence.criteria.CriteriaBuilder.<N>diff(N,jakarta.persistence.criteria.Expression<? extends N>) is not applicable
      (inference variable N has incompatible bounds
        upper bounds: java.lang.Number
        lower bounds: java.lang.Object,jakarta.persistence.criteria.Path<java.lang.Object>)

    at org.apache.maven.lifecycle.internal.MojoExecutor.doExecute2 (MojoExecutor.java:333)
    at org.apache.maven.lifecycle.internal.MojoExecutor.doExecute (MojoExecutor.java:316)
    at org.apache.maven.lifecycle.internal.MojoExecutor.execute (MojoExecutor.java:212)
    at org.apache.maven.lifecycle.internal.MojoExecutor.execute (MojoExecutor.java:174)
    at org.apache.maven.lifecycle.internal.MojoExecutor.access$000 (MojoExecutor.java:75)
    at org.apache.maven.lifecycle.internal.MojoExecutor$1.run (MojoExecutor.java:162)
    at org.apache.maven.plugin.DefaultMojosExecutionStrategy.execute (DefaultMojosExecutionStrategy.java:39)
    at org.apache.maven.lifecycle.internal.MojoExecutor.execute (MojoExecutor.java:159)
    at org.apache.maven.lifecycle.internal.LifecycleModuleBuilder.buildProject (LifecycleModuleBuilder.java:105)
    at org.apache.maven.lifecycle.internal.LifecycleModuleBuilder.buildProject (LifecycleModuleBuilder.java:73)
    at org.apache.maven.lifecycle.internal.builder.singlethreaded.SingleThreadedBuilder.build (SingleThreadedBuilder.java:53)
    at org.apache.maven.lifecycle.internal.LifecycleStarter.execute (LifecycleStarter.java:118)
    at org.apache.maven.DefaultMaven.doExecute (DefaultMaven.java:261)
    at org.apache.maven.DefaultMaven.doExecute (DefaultMaven.java:173)
    at org.apache.maven.DefaultMaven.execute (DefaultMaven.java:101)
    at org.apache.maven.cli.MavenCli.execute (MavenCli.java:906)
    at org.apache.maven.cli.MavenCli.doMain (MavenCli.java:283)
    at org.apache.maven.cli.MavenCli.main (MavenCli.java:206)
    at jdk.internal.reflect.DirectMethodHandleAccessor.invoke (DirectMethodHandleAccessor.java:104)
    at java.lang.reflect.Method.invoke (Method.java:565)
    at org.codehaus.plexus.classworlds.launcher.Launcher.launchEnhanced (Launcher.java:255)
    at org.codehaus.plexus.classworlds.launcher.Launcher.launch (Launcher.java:201)
    at org.codehaus.plexus.classworlds.launcher.Launcher.mainWithExitCode (Launcher.java:361)
    at org.codehaus.plexus.classworlds.launcher.Launcher.main (Launcher.java:314)
Caused by: org.apache.maven.plugin.compiler.CompilationFailureException: Compilation failure
/C:/Users/srikanth/Documents/b2b quickcart/quickcart-b2b-platform/backend/src/main/java/com/quickcart/backend/repository/spec/ProductSpecifications.java:[156,47] no suitable method found for diff(jakarta.persistence.criteria.Path<java.lang.Object>,jakarta.persistence.criteria.Path<java.lang.Object>)
    method jakarta.persistence.criteria.CriteriaBuilder.<N>diff(jakarta.persistence.criteria.Expression<? extends N>,jakarta.persistence.criteria.Expression<? extends N>) is not applicable
      (inference variable N has incompatible bounds
        upper bounds: java.lang.Number
        lower bounds: java.lang.Object)
    method jakarta.persistence.criteria.CriteriaBuilder.<N>diff(jakarta.persistence.criteria.Expression<? extends N>,N) is not applicable
      (inference variable N has incompatible bounds
        upper bounds: java.lang.Number
        lower bounds: jakarta.persistence.criteria.Path<java.lang.Object>,java.lang.Object)
    method jakarta.persistence.criteria.CriteriaBuilder.<N>diff(N,jakarta.persistence.criteria.Expression<? extends N>) is not applicable
      (inference variable N has incompatible bounds
        upper bounds: java.lang.Number
        lower bounds: java.lang.Object,jakarta.persistence.criteria.Path<java.lang.Object>)

    at org.apache.maven.plugin.compiler.AbstractCompilerMojo.executeReal (AbstractCompilerMojo.java:1318)
    at org.apache.maven.plugin.compiler.AbstractCompilerMojo.execute (AbstractCompilerMojo.java:708)
    at org.apache.maven.plugin.compiler.CompilerMojo.execute (CompilerMojo.java:235)
    at org.apache.maven.plugin.DefaultBuildPluginManager.executeMojo (DefaultBuildPluginManager.java:126)
    at org.apache.maven.lifecycle.internal.MojoExecutor.doExecute2 (MojoExecutor.java:328)
    at org.apache.maven.lifecycle.internal.MojoExecutor.doExecute (MojoExecutor.java:316)
    at org.apache.maven.lifecycle.internal.MojoExecutor.execute (MojoExecutor.java:212)
    at org.apache.maven.lifecycle.internal.MojoExecutor.execute (MojoExecutor.java:174)
    at org.apache.maven.lifecycle.internal.MojoExecutor.access$000 (MojoExecutor.java:75)
    at org.apache.maven.lifecycle.internal.MojoExecutor$1.run (MojoExecutor.java:162)
    at org.apache.maven.plugin.DefaultMojosExecutionStrategy.execute (DefaultMojosExecutionStrategy.java:39)
    at org.apache.maven.lifecycle.internal.MojoExecutor.execute (MojoExecutor.java:159)
    at org.apache.maven.lifecycle.internal.LifecycleModuleBuilder.buildProject (LifecycleModuleBuilder.java:105)
    at org.apache.maven.lifecycle.internal.LifecycleModuleBuilder.buildProject (LifecycleModuleBuilder.java:73)
    at org.apache.maven.lifecycle.internal.builder.singlethreaded.SingleThreadedBuilder.build (SingleThreadedBuilder.java:53)
    at org.apache.maven.lifecycle.internal.LifecycleStarter.execute (LifecycleStarter.java:118)
    at org.apache.maven.DefaultMaven.doExecute (DefaultMaven.java:261)
    at org.apache.maven.DefaultMaven.doExecute (DefaultMaven.java:173)
    at org.apache.maven.DefaultMaven.execute (DefaultMaven.java:101)
    at org.apache.maven.cli.MavenCli.execute (MavenCli.java:906)
    at org.apache.maven.cli.MavenCli.doMain (MavenCli.java:283)
    at org.apache.maven.cli.MavenCli.main (MavenCli.java:206)
    at jdk.internal.reflect.DirectMethodHandleAccessor.invoke (DirectMethodHandleAccessor.java:104)
    at java.lang.reflect.Method.invoke (Method.java:565)
    at org.codehaus.plexus.classworlds.launcher.Launcher.launchEnhanced (Launcher.java:255)
    at org.codehaus.plexus.classworlds.launcher.Launcher.launch (Launcher.java:201)
    at org.codehaus.plexus.classworlds.launcher.Launcher.mainWithExitCode (Launcher.java:361)
    at org.codehaus.plexus.classworlds.launcher.Launcher.main (Launcher.java:314)
[ERROR] 
[ERROR] Re-run Maven using the -X switch to enable full debug logging.
[ERROR] 
[ERROR] For more information about the errors and possible solutions, please read the following articles:
[ERROR] [Help 1] http://cwiki.apache.org/confluence/display/MAVEN/MojoFailureException
